Unity Editor version:    2020.3.25f1c1 (fd09ccef852e)
Branch:                  2020.3/china_unity/release
Build type:              Release
Batch mode:              YES
macOS version:           Version 12.6.3 (Build 21G403)
Darwin version:          21.6.0
Architecture:            x86_64
Running under Rosetta:   NO
Available memory:        16384 MB
Using pre-set license
Pro License: NO

COMMAND LINE ARGUMENTS:
/Applications/Unity/Hub/Editor/2020.3.25f1c1/Unity.app/Contents/MacOS/Unity
-adb2
-batchMode
-noUpm
-name
AssetImportWorker0
-projectPath
/Users/haixiangchen/Desktop/UnityProjects/2048/2048
-logFile
Logs/AssetImportWorker0.log
-srvPort
49344
Successfully changed project path to: /Users/haixiangchen/Desktop/UnityProjects/2048/2048
/Users/haixiangchen/Desktop/UnityProjects/2048/2048
Using Asset Import Pipeline V2.
AS: AutoStreaming module initializing.Refreshing native plugins compatible for Editor in 45.28 ms, found 2 plugins.
Preloading 0 native plugins for Editor in 0.00 ms.
Initialize engine version: 2020.3.25f1c1 (fd09ccef852e)
[Subsystems] Discovering subsystems at path /Applications/Unity/Hub/Editor/2020.3.25f1c1/Unity.app/Contents/Resources/UnitySubsystems
[Subsystems] Discovering subsystems at path /Users/haixiangchen/Desktop/UnityProjects/2048/2048/Assets
GfxDevice: creating device client; threaded=0
2023-01-30 21:50:08.049 Unity[1290:19650] Color LCD preferred device: AMD Radeon R9 M370X (high power)
2023-01-30 21:50:08.049 Unity[1290:19650] Metal devices available: 2
2023-01-30 21:50:08.049 Unity[1290:19650] 0: AMD Radeon R9 M370X (high power)
2023-01-30 21:50:08.049 Unity[1290:19650] 1: Intel Iris Pro Graphics (low power)
2023-01-30 21:50:08.049 Unity[1290:19650] Using device AMD Radeon R9 M370X (high power)
Initializing Metal device caps: AMD Radeon R9 M370X
Initialize mono
Mono path[0] = '/Applications/Unity/Hub/Editor/2020.3.25f1c1/Unity.app/Contents/Managed'
Mono path[1] = '/Applications/Unity/Hub/Editor/2020.3.25f1c1/Unity.app/Contents/MonoBleedingEdge/lib/mono/unityjit'
Mono config path = '/Applications/Unity/Hub/Editor/2020.3.25f1c1/Unity.app/Contents/MonoBleedingEdge/etc'
Using monoOptions --debugger-agent=transport=dt_socket,embedding=1,server=y,suspend=n,address=127.0.0.1:56290
Begin MonoManager ReloadAssembly
Registering precompiled unity dll's ...
Register platform support module: /Applications/Unity/Hub/Editor/2020.3.25f1c1/Unity.app/Contents/PlaybackEngines/MacStandaloneSupport/UnityEditor.OSXStandalone.Extensions.dll
Registered in 0.000445 seconds.
Native extension for OSXStandalone target not found
Refreshing native plugins compatible for Editor in 45.84 ms, found 2 plugins.
Preloading 0 native plugins for Editor in 0.00 ms.
Mono: successfully reloaded assembly
- Completed reload, in  0.735 seconds
Domain Reload Profiling:
	ReloadAssembly (735ms)
		BeginReloadAssembly (45ms)
			ExecutionOrderSort (0ms)
			DisableScriptedObjects (0ms)
			BackupInstance (0ms)
			ReleaseScriptingObjects (0ms)
			CreateAndSetChildDomain (1ms)
		EndReloadAssembly (608ms)
			LoadAssemblies (44ms)
			RebuildTransferFunctionScriptingTraits (0ms)
			SetupTypeCache (219ms)
			ReleaseScriptCaches (0ms)
			RebuildScriptCaches (47ms)
			SetupLoadedEditorAssemblies (228ms)
				LogAssemblyErrors (0ms)
				InitializePlatformSupportModulesInManaged (4ms)
				SetLoadedEditorAssemblies (0ms)
				RefreshPlugins (46ms)
				BeforeProcessingInitializeOnLoad (9ms)
				ProcessInitializeOnLoadAttributes (130ms)
				ProcessInitializeOnLoadMethodAttributes (38ms)
				AfterProcessingInitializeOnLoad (0ms)
				EditorAssembliesLoaded (0ms)
			ExecutionOrderSort2 (0ms)
			AwakeInstancesAfterBackupRestoration (0ms)
Platform modules already initialized, skipping
Registering precompiled user dll's ...
Registered in 0.001727 seconds.
Begin MonoManager ReloadAssembly
Native extension for OSXStandalone target not found
Refreshing native plugins compatible for Editor in 0.52 ms, found 2 plugins.
Preloading 0 native plugins for Editor in 0.00 ms.
Mono: successfully reloaded assembly
- Completed reload, in  1.345 seconds
Domain Reload Profiling:
	ReloadAssembly (1345ms)
		BeginReloadAssembly (182ms)
			ExecutionOrderSort (0ms)
			DisableScriptedObjects (6ms)
			BackupInstance (0ms)
			ReleaseScriptingObjects (0ms)
			CreateAndSetChildDomain (31ms)
		EndReloadAssembly (1083ms)
			LoadAssemblies (90ms)
			RebuildTransferFunctionScriptingTraits (0ms)
			SetupTypeCache (439ms)
			ReleaseScriptCaches (1ms)
			RebuildScriptCaches (63ms)
			SetupLoadedEditorAssemblies (345ms)
				LogAssemblyErrors (0ms)
				InitializePlatformSupportModulesInManaged (6ms)
				SetLoadedEditorAssemblies (1ms)
				RefreshPlugins (1ms)
				BeforeProcessingInitializeOnLoad (57ms)
				ProcessInitializeOnLoadAttributes (265ms)
				ProcessInitializeOnLoadMethodAttributes (15ms)
				AfterProcessingInitializeOnLoad (1ms)
				EditorAssembliesLoaded (0ms)
			ExecutionOrderSort2 (0ms)
			AwakeInstancesAfterBackupRestoration (8ms)
Platform modules already initialized, skipping
Validating Project structure ... 0.003463 seconds.

LICENSE SYSTEM [2023130 21:50:10] Next license update check is after 2023-01-31T13:41:47

Shader import version has changed; will reimport all shaders...
Upgrading shader files ...0.014448 seconds.
Application.AssetDatabase Initial Script Refresh Start
RefreshInfo: InitialScriptRefreshV2(NoUpdateAssetOptions) scanfilter:  ... 1 filters
RefreshProfiler: Total: 0.000ms
Application.AssetDatabase Initial Script Refresh End
Application.AssetDatabase.Refresh Start
Application.AssetDatabase.Refresh End
RefreshInfo: StopAssetImportingV2(ForceSynchronousImport) scanfilter: 
RefreshProfiler: Total: 0.000ms
Launching external process: /Applications/Unity/Hub/Editor/2020.3.25f1c1/Unity.app/Contents/Tools/UnityShaderCompiler
Launched and connected shader compiler UnityShaderCompiler after 0.01 seconds
Initializing Unity extensions:
[C# Project] Writing /Users/haixiangchen/Desktop/UnityProjects/2048/2048/2048.sln because it has changed
[C# Project] First difference on line 4

[C# Project] Current /Users/haixiangchen/Desktop/UnityProjects/2048/2048/2048.sln:
[C# Project]   004: Project("{FAE04EC0-301F-11D3-BF4B-00C04F79EFBC}") = "Assembly-CSharp", "Assembly-CSharp.csproj", "{FAA271DF-0D6E-151F-8354-B1EDE5043471}"
[C# Project]   005: EndProject
[C# Project]   006: Project("{FAE04EC0-301F-11D3-BF4B-00C04F79EFBC}") = "Assembly-CSharp-Editor", "Assembly-CSharp-Editor.csproj", "{985215B4-FBAB-05AC-5426-CCE2104CE4D2}"
[C# Project]   007: EndProject
[C# Project]   008: Global

[C# Project] New /Users/haixiangchen/Desktop/UnityProjects/2048/2048/2048.sln:
[C# Project]   004: Project("{FAE04EC0-301F-11D3-BF4B-00C04F79EFBC}") = "UnityEngine.UI", "UnityEngine.UI.csproj", "{7A4C6E08-6D3C-B399-54A0-8FB4668BE7FC}"
[C# Project]   005: EndProject
[C# Project]   006: Project("{FAE04EC0-301F-11D3-BF4B-00C04F79EFBC}") = "UnityEngine.TestRunner", "UnityEngine.TestRunner.csproj", "{A467BAD8-A35B-CB88-6224-6BB060089154}"
[C# Project]   007: EndProject
[C# Project]   008: Project("{FAE04EC0-301F-11D3-BF4B-00C04F79EFBC}") = "UnityEngine.UI.Tests", "UnityEngine.UI.Tests.csproj", "{078E0B86-6A4E-CE16-8F22-73CB8D3DE75B}"
[C# Project] Writing /Users/haixiangchen/Desktop/UnityProjects/2048/2048/Assembly-CSharp.csproj because it has changed
[C# Project] First difference on line 27

[C# Project] Current /Users/haixiangchen/Desktop/UnityProjects/2048/2048/Assembly-CSharp.csproj:
[C# Project]   027:     <DefineConstants>DEBUG;TRACE;UNITY_2020_3_25;UNITY_2020_3;UNITY_2020;UNITY_5_3_OR_NEWER;UNITY_5_4_OR_NEWER;UNITY_5_5_OR_NEWER;UNITY_5_6_OR_NEWER;UNITY_2017_1_OR_NEWER;UNITY_2017_2_OR_NEWER;UNITY_2017_3_OR_NEWER;UNITY_2017_4_OR_NEWER;UNITY_2018_1_OR_NEWER;UNITY_2018_2_OR_NEWER;UNITY_2018_3_OR_NEWER;UNITY_2018_4_OR_NEWER;UNITY_2019_1_OR_NEWER;UNITY_2019_2_OR_NEWER;UNITY_2019_3_OR_NEWER;UNITY_2019_4_OR_NEWER;UNITY_2020_1_OR_NEWER;UNITY_2020_2_OR_NEWER;UNITY_2020_3_OR_NEWER;UNITY_INCLUDE_TESTS;USE_SEARCH_ENGINE_API;SCENE_TEMPLATE_MODULE;ENABLE_AR;ENABLE_AUDIO;ENABLE_CACHING;ENABLE_CLOTH;ENABLE_EVENT_QUEUE;ENABLE_MICROPHONE;ENABLE_MULTIPLE_DISPLAYS;ENABLE_PHYSICS;ENABLE_TEXTURE_STREAMING;ENABLE_UNET;ENABLE_LZMA;ENABLE_UNITYEVENTS;ENABLE_VR;ENABLE_WEBCAM;ENABLE_UNITYWEBREQUEST;ENABLE_WWW;ENABLE_CLOUD_SERVICES;ENABLE_CLOUD_SERVICES_COLLAB;ENABLE_CLOUD_SERVICES_COLLAB_SOFTLOCKS;ENABLE_CLOUD_SERVICES_ADS;ENABLE_CLOUD_SERVICES_USE_WEBREQUEST;ENABLE_CLOUD_SERVICES_CRASH_REPORTING;ENABLE_CLOUD_SERVICES_NATIVE_CRASH_REPORTING;ENABLE_CLOUD_SERVICES_PURCHASING;ENABLE_CLOUD_SERVICES_ANALYTICS;ENABLE_CLOUD_SERVICES_UNET;ENABLE_CLOUD_SERVICES_BUILD;ENABLE_CLOUD_LICENSE;ENABLE_EDITOR_HUB_LICENSE;ENABLE_WEBSOCKET_CLIENT;ENABLE_DIRECTOR_AUDIO;ENABLE_DIRECTOR_TEXTURE;ENABLE_MANAGED_JOBS;ENABLE_MANAGED_TRANSFORM_JOBS;ENABLE_MANAGED_ANIMATION_JOBS;ENABLE_MANAGED_AUDIO_JOBS;ENABLE_RUNTIME_PERMISSIONS;ENABLE_ENGINE_CODE_STRIPPING;ENABLE_ONSCREEN_KEYBOARD;ENABLE_MANAGED_UNITYTLS;INCLUDE_DYNAMIC_GI;ENABLE_MONO_BDWGC;ENABLE_SCRIPTING_GC_WBARRIERS;PLATFORM_SUPPORTS_MONO;ENABLE_VIDEO;PLATFORM_ANDROID;UNITY_ANDROID;UNITY_ANDROID_API;ENABLE_EGL;ENABLE_NETWORK;ENABLE_RUNTIME_GI;ENABLE_CRUNCH_TEXTURE_COMPRESSION;UNITY_CAN_SHOW_SPLASH_SCREEN;UNITY_HAS_GOOGLEVR;UNITY_HAS_TANGO;ENABLE_SPATIALTRACKING;PLATFORM_EXTENDS_VULKAN_DEVICE;PLATFORM_HAS_MULTIPLE_SWAPCHAINS;UNITY_ANDROID_SUPPORTS_SHADOWFILES;ENABLE_UNITYADS_RUNTIME;UNITY_UNITYADS_API;ENABLE_MONO;NET_STANDARD_2_0;ENABLE_PROFILER;UNITY_ASSERTIONS;UNITY_EDITOR;UNITY_EDITOR_IG;UNITY_EDITOR_64;UNITY_EDITOR_OSX;ENABLE_CLOUD_FEATURES;ENABLE_UNITY_COLLECTIONS_CHECKS;ENABLE_BURST_AOT;UNITY_TEAM_LICENSE;ENABLE_CUSTOM_RENDER_TEXTURE;ENABLE_DIRECTOR;ENABLE_LOCALIZATION;ENABLE_SPRITES;ENABLE_TERRAIN;ENABLE_TILEMAP;ENABLE_TIMELINE;ENABLE_LEGACY_INPUT_MANAGER;CSHARP_7_OR_LATER;CSHARP_7_3_OR_NEWER</DefineConstants>
[C# Project]   028:     <ErrorReport>prompt</ErrorReport>
[C# Project]   029:     <WarningLevel>4</WarningLevel>
[C# Project]   030:     <NoWarn>0169</NoWarn>
[C# Project]   031:     <AllowUnsafeBlocks>False</AllowUnsafeBlocks>

[C# Project] New /Users/haixiangchen/Desktop/UnityProjects/2048/2048/Assembly-CSharp.csproj:
[C# Project]   027:     <DefineConstants>DEBUG;TRACE;UNITY_2020_3_25;UNITY_2020_3;UNITY_2020;UNITY_5_3_OR_NEWER;UNITY_5_4_OR_NEWER;UNITY_5_5_OR_NEWER;UNITY_5_6_OR_NEWER;UNITY_2017_1_OR_NEWER;UNITY_2017_2_OR_NEWER;UNITY_2017_3_OR_NEWER;UNITY_2017_4_OR_NEWER;UNITY_2018_1_OR_NEWER;UNITY_2018_2_OR_NEWER;UNITY_2018_3_OR_NEWER;UNITY_2018_4_OR_NEWER;UNITY_2019_1_OR_NEWER;UNITY_2019_2_OR_NEWER;UNITY_2019_3_OR_NEWER;UNITY_2019_4_OR_NEWER;UNITY_2020_1_OR_NEWER;UNITY_2020_2_OR_NEWER;UNITY_2020_3_OR_NEWER;PLATFORM_ARCH_64;UNITY_64;UNITY_INCLUDE_TESTS;USE_SEARCH_ENGINE_API;SCENE_TEMPLATE_MODULE;ENABLE_AR;ENABLE_AUDIO;ENABLE_CACHING;ENABLE_CLOTH;ENABLE_MICROPHONE;ENABLE_MULTIPLE_DISPLAYS;ENABLE_PHYSICS;ENABLE_TEXTURE_STREAMING;ENABLE_VIRTUALTEXTURING;ENABLE_UNET;ENABLE_LZMA;ENABLE_UNITYEVENTS;ENABLE_VR;ENABLE_WEBCAM;ENABLE_UNITYWEBREQUEST;ENABLE_WWW;ENABLE_CLOUD_SERVICES;ENABLE_CLOUD_SERVICES_COLLAB;ENABLE_CLOUD_SERVICES_COLLAB_SOFTLOCKS;ENABLE_CLOUD_SERVICES_ADS;ENABLE_CLOUD_SERVICES_USE_WEBREQUEST;ENABLE_CLOUD_SERVICES_CRASH_REPORTING;ENABLE_CLOUD_SERVICES_NATIVE_CRASH_REPORTING;ENABLE_CLOUD_SERVICES_PURCHASING;ENABLE_CLOUD_SERVICES_ANALYTICS;ENABLE_CLOUD_SERVICES_UNET;ENABLE_CLOUD_SERVICES_BUILD;ENABLE_CLOUD_LICENSE;ENABLE_EDITOR_HUB_LICENSE;ENABLE_WEBSOCKET_CLIENT;ENABLE_DIRECTOR_AUDIO;ENABLE_DIRECTOR_TEXTURE;ENABLE_MANAGED_JOBS;ENABLE_MANAGED_TRANSFORM_JOBS;ENABLE_MANAGED_ANIMATION_JOBS;ENABLE_MANAGED_AUDIO_JOBS;ENABLE_MANAGED_UNITYTLS;INCLUDE_DYNAMIC_GI;ENABLE_MONO_BDWGC;ENABLE_SCRIPTING_GC_WBARRIERS;PLATFORM_SUPPORTS_MONO;RENDER_SOFTWARE_CURSOR;ENABLE_VIDEO;PLATFORM_STANDALONE;PLATFORM_STANDALONE_OSX;UNITY_STANDALONE_OSX;UNITY_STANDALONE;ENABLE_GAMECENTER;ENABLE_RUNTIME_GI;ENABLE_MOVIES;ENABLE_NETWORK;ENABLE_CRUNCH_TEXTURE_COMPRESSION;ENABLE_CLUSTER_SYNC;ENABLE_CLUSTERINPUT;ENABLE_SPATIALTRACKING;PLATFORM_UPDATES_TIME_OUTSIDE_OF_PLAYER_LOOP;ENABLE_WEBSOCKET_HOST;ENABLE_MONO;NET_STANDARD_2_0;ENABLE_PROFILER;UNITY_ASSERTIONS;UNITY_EDITOR;UNITY_EDITOR_IG;UNITY_EDITOR_64;UNITY_EDITOR_OSX;ENABLE_CLOUD_FEATURES;ENABLE_UNITY_COLLECTIONS_CHECKS;ENABLE_BURST_AOT;UNITY_TEAM_LICENSE;ENABLE_CUSTOM_RENDER_TEXTURE;ENABLE_DIRECTOR;ENABLE_LOCALIZATION;ENABLE_SPRITES;ENABLE_TERRAIN;ENABLE_TILEMAP;ENABLE_TIMELINE;ENABLE_LEGACY_INPUT_MANAGER;CSHARP_7_OR_LATER;CSHARP_7_3_OR_NEWER</DefineConstants>
[C# Project]   028:     <ErrorReport>prompt</ErrorReport>
[C# Project]   029:     <WarningLevel>4</WarningLevel>
[C# Project]   030:     <NoWarn>0169</NoWarn>
[C# Project]   031:     <AllowUnsafeBlocks>False</AllowUnsafeBlocks>
[C# Project] Writing /Users/haixiangchen/Desktop/UnityProjects/2048/2048/Assembly-CSharp-Editor.csproj because it has changed
[C# Project] First difference on line 27

[C# Project] Current /Users/haixiangchen/Desktop/UnityProjects/2048/2048/Assembly-CSharp-Editor.csproj:
[C# Project]   027:     <DefineConstants>DEBUG;TRACE;UNITY_2020_3_25;UNITY_2020_3;UNITY_2020;UNITY_5_3_OR_NEWER;UNITY_5_4_OR_NEWER;UNITY_5_5_OR_NEWER;UNITY_5_6_OR_NEWER;UNITY_2017_1_OR_NEWER;UNITY_2017_2_OR_NEWER;UNITY_2017_3_OR_NEWER;UNITY_2017_4_OR_NEWER;UNITY_2018_1_OR_NEWER;UNITY_2018_2_OR_NEWER;UNITY_2018_3_OR_NEWER;UNITY_2018_4_OR_NEWER;UNITY_2019_1_OR_NEWER;UNITY_2019_2_OR_NEWER;UNITY_2019_3_OR_NEWER;UNITY_2019_4_OR_NEWER;UNITY_2020_1_OR_NEWER;UNITY_2020_2_OR_NEWER;UNITY_2020_3_OR_NEWER;UNITY_INCLUDE_TESTS;USE_SEARCH_ENGINE_API;SCENE_TEMPLATE_MODULE;ENABLE_AR;ENABLE_AUDIO;ENABLE_CACHING;ENABLE_CLOTH;ENABLE_EVENT_QUEUE;ENABLE_MICROPHONE;ENABLE_MULTIPLE_DISPLAYS;ENABLE_PHYSICS;ENABLE_TEXTURE_STREAMING;ENABLE_UNET;ENABLE_LZMA;ENABLE_UNITYEVENTS;ENABLE_VR;ENABLE_WEBCAM;ENABLE_UNITYWEBREQUEST;ENABLE_WWW;ENABLE_CLOUD_SERVICES;ENABLE_CLOUD_SERVICES_COLLAB;ENABLE_CLOUD_SERVICES_COLLAB_SOFTLOCKS;ENABLE_CLOUD_SERVICES_ADS;ENABLE_CLOUD_SERVICES_USE_WEBREQUEST;ENABLE_CLOUD_SERVICES_CRASH_REPORTING;ENABLE_CLOUD_SERVICES_NATIVE_CRASH_REPORTING;ENABLE_CLOUD_SERVICES_PURCHASING;ENABLE_CLOUD_SERVICES_ANALYTICS;ENABLE_CLOUD_SERVICES_UNET;ENABLE_CLOUD_SERVICES_BUILD;ENABLE_CLOUD_LICENSE;ENABLE_EDITOR_HUB_LICENSE;ENABLE_WEBSOCKET_CLIENT;ENABLE_DIRECTOR_AUDIO;ENABLE_DIRECTOR_TEXTURE;ENABLE_MANAGED_JOBS;ENABLE_MANAGED_TRANSFORM_JOBS;ENABLE_MANAGED_ANIMATION_JOBS;ENABLE_MANAGED_AUDIO_JOBS;ENABLE_RUNTIME_PERMISSIONS;ENABLE_ENGINE_CODE_STRIPPING;ENABLE_ONSCREEN_KEYBOARD;ENABLE_MANAGED_UNITYTLS;INCLUDE_DYNAMIC_GI;ENABLE_MONO_BDWGC;ENABLE_SCRIPTING_GC_WBARRIERS;PLATFORM_SUPPORTS_MONO;ENABLE_VIDEO;PLATFORM_ANDROID;UNITY_ANDROID;UNITY_ANDROID_API;ENABLE_EGL;ENABLE_NETWORK;ENABLE_RUNTIME_GI;ENABLE_CRUNCH_TEXTURE_COMPRESSION;UNITY_CAN_SHOW_SPLASH_SCREEN;UNITY_HAS_GOOGLEVR;UNITY_HAS_TANGO;ENABLE_SPATIALTRACKING;PLATFORM_EXTENDS_VULKAN_DEVICE;PLATFORM_HAS_MULTIPLE_SWAPCHAINS;UNITY_ANDROID_SUPPORTS_SHADOWFILES;ENABLE_UNITYADS_RUNTIME;UNITY_UNITYADS_API;ENABLE_MONO;NET_4_6;ENABLE_PROFILER;UNITY_ASSERTIONS;UNITY_EDITOR;UNITY_EDITOR_IG;UNITY_EDITOR_64;UNITY_EDITOR_OSX;ENABLE_CLOUD_FEATURES;ENABLE_UNITY_COLLECTIONS_CHECKS;ENABLE_BURST_AOT;UNITY_TEAM_LICENSE;ENABLE_CUSTOM_RENDER_TEXTURE;ENABLE_DIRECTOR;ENABLE_LOCALIZATION;ENABLE_SPRITES;ENABLE_TERRAIN;ENABLE_TILEMAP;ENABLE_TIMELINE;ENABLE_LEGACY_INPUT_MANAGER;CSHARP_7_OR_LATER;CSHARP_7_3_OR_NEWER;NET_STANDARD_2_0</DefineConstants>
[C# Project]   028:     <ErrorReport>prompt</ErrorReport>
[C# Project]   029:     <WarningLevel>4</WarningLevel>
[C# Project]   030:     <NoWarn>0169</NoWarn>
[C# Project]   031:     <AllowUnsafeBlocks>False</AllowUnsafeBlocks>

[C# Project] New /Users/haixiangchen/Desktop/UnityProjects/2048/2048/Assembly-CSharp-Editor.csproj:
[C# Project]   027:     <DefineConstants>DEBUG;TRACE;UNITY_2020_3_25;UNITY_2020_3;UNITY_2020;UNITY_5_3_OR_NEWER;UNITY_5_4_OR_NEWER;UNITY_5_5_OR_NEWER;UNITY_5_6_OR_NEWER;UNITY_2017_1_OR_NEWER;UNITY_2017_2_OR_NEWER;UNITY_2017_3_OR_NEWER;UNITY_2017_4_OR_NEWER;UNITY_2018_1_OR_NEWER;UNITY_2018_2_OR_NEWER;UNITY_2018_3_OR_NEWER;UNITY_2018_4_OR_NEWER;UNITY_2019_1_OR_NEWER;UNITY_2019_2_OR_NEWER;UNITY_2019_3_OR_NEWER;UNITY_2019_4_OR_NEWER;UNITY_2020_1_OR_NEWER;UNITY_2020_2_OR_NEWER;UNITY_2020_3_OR_NEWER;PLATFORM_ARCH_64;UNITY_64;UNITY_INCLUDE_TESTS;USE_SEARCH_ENGINE_API;SCENE_TEMPLATE_MODULE;ENABLE_AR;ENABLE_AUDIO;ENABLE_CACHING;ENABLE_CLOTH;ENABLE_MICROPHONE;ENABLE_MULTIPLE_DISPLAYS;ENABLE_PHYSICS;ENABLE_TEXTURE_STREAMING;ENABLE_VIRTUALTEXTURING;ENABLE_UNET;ENABLE_LZMA;ENABLE_UNITYEVENTS;ENABLE_VR;ENABLE_WEBCAM;ENABLE_UNITYWEBREQUEST;ENABLE_WWW;ENABLE_CLOUD_SERVICES;ENABLE_CLOUD_SERVICES_COLLAB;ENABLE_CLOUD_SERVICES_COLLAB_SOFTLOCKS;ENABLE_CLOUD_SERVICES_ADS;ENABLE_CLOUD_SERVICES_USE_WEBREQUEST;ENABLE_CLOUD_SERVICES_CRASH_REPORTING;ENABLE_CLOUD_SERVICES_NATIVE_CRASH_REPORTING;ENABLE_CLOUD_SERVICES_PURCHASING;ENABLE_CLOUD_SERVICES_ANALYTICS;ENABLE_CLOUD_SERVICES_UNET;ENABLE_CLOUD_SERVICES_BUILD;ENABLE_CLOUD_LICENSE;ENABLE_EDITOR_HUB_LICENSE;ENABLE_WEBSOCKET_CLIENT;ENABLE_DIRECTOR_AUDIO;ENABLE_DIRECTOR_TEXTURE;ENABLE_MANAGED_JOBS;ENABLE_MANAGED_TRANSFORM_JOBS;ENABLE_MANAGED_ANIMATION_JOBS;ENABLE_MANAGED_AUDIO_JOBS;ENABLE_MANAGED_UNITYTLS;INCLUDE_DYNAMIC_GI;ENABLE_MONO_BDWGC;ENABLE_SCRIPTING_GC_WBARRIERS;PLATFORM_SUPPORTS_MONO;RENDER_SOFTWARE_CURSOR;ENABLE_VIDEO;PLATFORM_STANDALONE;PLATFORM_STANDALONE_OSX;UNITY_STANDALONE_OSX;UNITY_STANDALONE;ENABLE_GAMECENTER;ENABLE_RUNTIME_GI;ENABLE_MOVIES;ENABLE_NETWORK;ENABLE_CRUNCH_TEXTURE_COMPRESSION;ENABLE_CLUSTER_SYNC;ENABLE_CLUSTERINPUT;ENABLE_SPATIALTRACKING;PLATFORM_UPDATES_TIME_OUTSIDE_OF_PLAYER_LOOP;ENABLE_WEBSOCKET_HOST;ENABLE_MONO;NET_4_6;ENABLE_PROFILER;UNITY_ASSERTIONS;UNITY_EDITOR;UNITY_EDITOR_IG;UNITY_EDITOR_64;UNITY_EDITOR_OSX;ENABLE_CLOUD_FEATURES;ENABLE_UNITY_COLLECTIONS_CHECKS;ENABLE_BURST_AOT;UNITY_TEAM_LICENSE;ENABLE_CUSTOM_RENDER_TEXTURE;ENABLE_DIRECTOR;ENABLE_LOCALIZATION;ENABLE_SPRITES;ENABLE_TERRAIN;ENABLE_TILEMAP;ENABLE_TIMELINE;ENABLE_LEGACY_INPUT_MANAGER;CSHARP_7_OR_LATER;CSHARP_7_3_OR_NEWER;NET_STANDARD_2_0</DefineConstants>
[C# Project]   028:     <ErrorReport>prompt</ErrorReport>
[C# Project]   029:     <WarningLevel>4</WarningLevel>
[C# Project]   030:     <NoWarn>0169</NoWarn>
[C# Project]   031:     <AllowUnsafeBlocks>False</AllowUnsafeBlocks>
2023-01-30 21:50:11.339 Unity[1290:19650] NSEventModifierFlagFunction specified to -setKeyEquivalentModifierMask: for item <NSMenuItem: 0x600000859880 Font Asset, ke='Command-F12'>, but is only supported for system-provided menu items; will not be used
2023-01-30 21:50:11.343 Unity[1290:19650] NSEventModifierFlagFunction specified to -setKeyEquivalentModifierMask: for item <NSMenuItem: 0x60000084a290 Font Asset, ke='Command-F12'>, but is only supported for system-provided menu items; will not be used
========================================================================
Worker process is ready to serve import requests
Refreshing native plugins compatible for Editor in 0.52 ms, found 2 plugins.
Preloading 0 native plugins for Editor in 0.00 ms.
Unloading 1702 Unused Serialized files (Serialized files now loaded: 0)
System memory in use before: 190.1 MB.
System memory in use after: 189.8 MB.

Unloading 114 unused Assets to reduce memory usage. Loaded Objects now: 2184.
Total: 5.038432 ms (FindLiveObjects: 0.259245 ms CreateObjectMapping: 0.086185 ms MarkObjects: 4.366822 ms  DeleteObjects: 0.324831 ms)

AssetImportParameters requested are different than current active one (requested -> active):
  custom:video-decoder-ogg-theora: a1e56fd34408186e4bbccfd4996cb3dc -> 
  custom:container-muxer-webm: aa71ff27fc2769a1b78a27578f13a17b -> 
  custom:container-demuxer-webm: 4f35f7cbe854078d1ac9338744f61a02 -> 
  custom:container-demuxer-ogg: 62fdf1f143b41e24485cea50d1cbac27 -> 
  custom:video-encoder-webm-vp8: eb34c28f22e8b96e1ab97ce403110664 -> 
  custom:framework-osx-AVFoundation: e770b220cccbd017edd2c1fefb359320 -> 
  custom:video-decoder-webm-vp8: 9c59270c3fd7afecdb556c50c9e8de78 -> 
  custom:audio-decoder-ogg-vorbis: bf7c407c2cedff20999df2af8eb42d56 -> 
  custom:audio-encoder-webm-vorbis: bf7c407c2cedff20999df2af8eb42d56 -> 
========================================================================
Received Import Request.
  path: Assets/Prefab/Couch_4.prefab
  artifactKey: Guid(1bc53488aca9045b4b76e31f2ff346bc) Importer(815301076,1909f56bfc062723c751e8b465ee728b)
Start importing Assets/Prefab/Couch_4.prefab using Guid(1bc53488aca9045b4b76e31f2ff346bc) Importer(815301076,1909f56bfc062723c751e8b465ee728b)  -> (artifact id: '8a8250226135132b8ab4ebb73f01fa62') in 0.223684 seconds 
  Import took 0.229950 seconds .

========================================================================
Received Import Request.
  Time since last request: 0.000253 seconds.
  path: Assets/Prefab/Couch_1.prefab
  artifactKey: Guid(68e0387ddd938487a919052778c98c66) Importer(815301076,1909f56bfc062723c751e8b465ee728b)
Start importing Assets/Prefab/Couch_1.prefab using Guid(68e0387ddd938487a919052778c98c66) Importer(815301076,1909f56bfc062723c751e8b465ee728b)  -> (artifact id: '366431bb7913360239a23e7b96350120') in 0.039131 seconds 
  Import took 0.042007 seconds .

========================================================================
Received Import Request.
  Time since last request: 0.000253 seconds.
  path: Assets/Prefab/Couch_2.prefab
  artifactKey: Guid(769d84bbfd19142089e707955436018c) Importer(815301076,1909f56bfc062723c751e8b465ee728b)
Start importing Assets/Prefab/Couch_2.prefab using Guid(769d84bbfd19142089e707955436018c) Importer(815301076,1909f56bfc062723c751e8b465ee728b)  -> (artifact id: '7319711e7cf80aa1bf5c2522ddcff2e0') in 0.034457 seconds 
  Import took 0.037113 seconds .

========================================================================
Received Import Request.
  Time since last request: 0.000287 seconds.
  path: Assets/Prefab/Couch_6.prefab
  artifactKey: Guid(d54bdbe82d4f54a899519f42ab93d9f4) Importer(815301076,1909f56bfc062723c751e8b465ee728b)
Start importing Assets/Prefab/Couch_6.prefab using Guid(d54bdbe82d4f54a899519f42ab93d9f4) Importer(815301076,1909f56bfc062723c751e8b465ee728b)  -> (artifact id: 'e392c73ca2300b11765819f528d686d1') in 0.037389 seconds 
  Import took 0.040533 seconds .

========================================================================
Received Import Request.
  Time since last request: 0.000283 seconds.
  path: Assets/Prefab/Couch_3.prefab
  artifactKey: Guid(6ead3101dfb384de8b578b47a4fd5ff3) Importer(815301076,1909f56bfc062723c751e8b465ee728b)
Start importing Assets/Prefab/Couch_3.prefab using Guid(6ead3101dfb384de8b578b47a4fd5ff3) Importer(815301076,1909f56bfc062723c751e8b465ee728b)  -> (artifact id: '7e17503fcdcc460c856abde91dfe0f89') in 0.027357 seconds 
  Import took 0.030269 seconds .

========================================================================
Received Import Request.
  Time since last request: 0.000258 seconds.
  path: Assets/Prefab/Couch_5.prefab
  artifactKey: Guid(479db02818bd04890a33611d24048c9c) Importer(815301076,1909f56bfc062723c751e8b465ee728b)
Start importing Assets/Prefab/Couch_5.prefab using Guid(479db02818bd04890a33611d24048c9c) Importer(815301076,1909f56bfc062723c751e8b465ee728b)  -> (artifact id: '91a01bc322be553817dc6805b69dc1a2') in 0.050494 seconds 
  Import took 0.053507 seconds .

========================================================================
Received Import Request.
  Time since last request: 0.000331 seconds.
  path: Assets/Prefab/Number.prefab
  artifactKey: Guid(492230a614fee4ad5b0f201bb950d444) Importer(815301076,1909f56bfc062723c751e8b465ee728b)
Start importing Assets/Prefab/Number.prefab using Guid(492230a614fee4ad5b0f201bb950d444) Importer(815301076,1909f56bfc062723c751e8b465ee728b)  -> (artifact id: 'a9b40ab0a64892379d88aa44d2a505bd') in 0.023984 seconds 
  Import took 0.027912 seconds .

========================================================================
Received Import Request.
  Time since last request: 0.000260 seconds.
  path: Assets/Prefab/Tile.prefab
  artifactKey: Guid(e81f4cbc8c72046ca8280153c8825d07) Importer(815301076,1909f56bfc062723c751e8b465ee728b)
Start importing Assets/Prefab/Tile.prefab using Guid(e81f4cbc8c72046ca8280153c8825d07) Importer(815301076,1909f56bfc062723c751e8b465ee728b)  -> (artifact id: '9d8df97031e266d8bd7f281a70b0bb06') in 0.004681 seconds 
  Import took 0.007405 seconds .

========================================================================
Received Import Request.
  Time since last request: 0.000343 seconds.
  path: Assets/Prefab/Couch_8.prefab
  artifactKey: Guid(79dc3443a4fa249b7ae28fd62064083e) Importer(815301076,1909f56bfc062723c751e8b465ee728b)
Start importing Assets/Prefab/Couch_8.prefab using Guid(79dc3443a4fa249b7ae28fd62064083e) Importer(815301076,1909f56bfc062723c751e8b465ee728b)  -> (artifact id: '5138ed5fe006a0f338082e8add9d3d30') in 0.025741 seconds 
  Import took 0.030681 seconds .

========================================================================
Received Import Request.
  Time since last request: 0.000242 seconds.
  path: Assets/Prefab/Couch_7.prefab
  artifactKey: Guid(83720dd7f8bed44eea67ca6247829259) Importer(815301076,1909f56bfc062723c751e8b465ee728b)
Start importing Assets/Prefab/Couch_7.prefab using Guid(83720dd7f8bed44eea67ca6247829259) Importer(815301076,1909f56bfc062723c751e8b465ee728b)  -> (artifact id: '9d29efea560230f6586d0a798183df6d') in 0.026876 seconds 
  Import took 0.031134 seconds .

========================================================================
Received Import Request.
  Time since last request: 0.000272 seconds.
  path: Assets/Prefab/CouchIap.prefab
  artifactKey: Guid(f9371ff2cb41042fd96ab315cc1aaa38) Importer(815301076,1909f56bfc062723c751e8b465ee728b)
Start importing Assets/Prefab/CouchIap.prefab using Guid(f9371ff2cb41042fd96ab315cc1aaa38) Importer(815301076,1909f56bfc062723c751e8b465ee728b)  -> (artifact id: '63a6f02f0981ccb78d12781665eb4463') in 0.015992 seconds 
  Import took 0.019216 seconds .

========================================================================
Received Import Request.
  Time since last request: 0.000343 seconds.
  path: Assets/Prefab/Ball.prefab
  artifactKey: Guid(e91e2bcac0d1a46158bf5fa114ecf21b) Importer(815301076,1909f56bfc062723c751e8b465ee728b)
Start importing Assets/Prefab/Ball.prefab using Guid(e91e2bcac0d1a46158bf5fa114ecf21b) Importer(815301076,1909f56bfc062723c751e8b465ee728b)  -> (artifact id: 'b25ceaed3012da19826f486c222d47a5') in 0.090597 seconds 
  Import took 0.094324 seconds .

========================================================================
Received Prepare
Registering precompiled user dll's ...
Registered in 0.001842 seconds.
Begin MonoManager ReloadAssembly
Native extension for OSXStandalone target not found
Refreshing native plugins compatible for Editor in 0.65 ms, found 2 plugins.
Preloading 0 native plugins for Editor in 0.00 ms.
2023-01-30 21:55:53.320 Unity[1290:19650] NSEventModifierFlagFunction specified to -setKeyEquivalentModifierMask: for item <NSMenuItem: 0x60000082d110 Font Asset, ke='Command-F12'>, but is only supported for system-provided menu items; will not be used
Mono: successfully reloaded assembly
- Completed reload, in  1.242 seconds
Domain Reload Profiling:
	ReloadAssembly (1243ms)
		BeginReloadAssembly (119ms)
			ExecutionOrderSort (0ms)
			DisableScriptedObjects (5ms)
			BackupInstance (0ms)
			ReleaseScriptingObjects (0ms)
			CreateAndSetChildDomain (55ms)
		EndReloadAssembly (1056ms)
			LoadAssemblies (74ms)
			RebuildTransferFunctionScriptingTraits (0ms)
			SetupTypeCache (390ms)
			ReleaseScriptCaches (1ms)
			RebuildScriptCaches (55ms)
			SetupLoadedEditorAssemblies (369ms)
				LogAssemblyErrors (0ms)
				InitializePlatformSupportModulesInManaged (5ms)
				SetLoadedEditorAssemblies (1ms)
				RefreshPlugins (1ms)
				BeforeProcessingInitializeOnLoad (108ms)
				ProcessInitializeOnLoadAttributes (242ms)
				ProcessInitializeOnLoadMethodAttributes (11ms)
				AfterProcessingInitializeOnLoad (1ms)
				EditorAssembliesLoaded (0ms)
			ExecutionOrderSort2 (0ms)
			AwakeInstancesAfterBackupRestoration (8ms)
Platform modules already initialized, skipping
Switching build target platform(2) subTarget(0) extendedPlatform(0) -> platform(13) subTarget(537395200) extendedPlatform(0)
Refreshing native plugins compatible for Editor in 0.51 ms, found 2 plugins.
Preloading 0 native plugins for Editor in 0.00 ms.
Unloading 1685 Unused Serialized files (Serialized files now loaded: 0)
System memory in use before: 188.8 MB.
System memory in use after: 189.0 MB.

Unloading 33 unused Assets to reduce memory usage. Loaded Objects now: 2194.
Total: 3.813373 ms (FindLiveObjects: 0.140275 ms CreateObjectMapping: 0.078750 ms MarkObjects: 3.534249 ms  DeleteObjects: 0.059114 ms)

AssetImportParameters requested are different than current active one (requested -> active):
  custom:video-decoder-ogg-theora: a1e56fd34408186e4bbccfd4996cb3dc -> 
  custom:container-muxer-webm: aa71ff27fc2769a1b78a27578f13a17b -> 
  custom:container-demuxer-webm: 4f35f7cbe854078d1ac9338744f61a02 -> 
  custom:container-demuxer-ogg: 62fdf1f143b41e24485cea50d1cbac27 -> 
  custom:video-encoder-webm-vp8: eb34c28f22e8b96e1ab97ce403110664 -> 
  custom:framework-osx-AVFoundation: e770b220cccbd017edd2c1fefb359320 -> 
  custom:video-decoder-webm-vp8: 9c59270c3fd7afecdb556c50c9e8de78 -> 
  custom:graphics/normal-map-encoding: 01000000000000000000000000000000 -> 02000000000000000000000000000000
  custom:audio-decoder-ogg-vorbis: bf7c407c2cedff20999df2af8eb42d56 -> 
  custom:audio-encoder-webm-vorbis: bf7c407c2cedff20999df2af8eb42d56 -> 
========================================================================
Received Prepare
Registering precompiled user dll's ...
Registered in 0.002749 seconds.
Begin MonoManager ReloadAssembly
Native extension for OSXStandalone target not found
Refreshing native plugins compatible for Editor in 0.66 ms, found 2 plugins.
Preloading 0 native plugins for Editor in 0.00 ms.
2023-01-30 21:56:16.325 Unity[1290:19650] NSEventModifierFlagFunction specified to -setKeyEquivalentModifierMask: for item <NSMenuItem: 0x600000858770 Font Asset, ke='Command-F12'>, but is only supported for system-provided menu items; will not be used
Mono: successfully reloaded assembly
- Completed reload, in  1.224 seconds
Domain Reload Profiling:
	ReloadAssembly (1225ms)
		BeginReloadAssembly (117ms)
			ExecutionOrderSort (0ms)
			DisableScriptedObjects (5ms)
			BackupInstance (0ms)
			ReleaseScriptingObjects (0ms)
			CreateAndSetChildDomain (52ms)
		EndReloadAssembly (1035ms)
			LoadAssemblies (78ms)
			RebuildTransferFunctionScriptingTraits (0ms)
			SetupTypeCache (381ms)
			ReleaseScriptCaches (1ms)
			RebuildScriptCaches (55ms)
			SetupLoadedEditorAssemblies (364ms)
				LogAssemblyErrors (0ms)
				InitializePlatformSupportModulesInManaged (5ms)
				SetLoadedEditorAssemblies (1ms)
				RefreshPlugins (1ms)
				BeforeProcessingInitializeOnLoad (110ms)
				ProcessInitializeOnLoadAttributes (236ms)
				ProcessInitializeOnLoadMethodAttributes (11ms)
				AfterProcessingInitializeOnLoad (1ms)
				EditorAssembliesLoaded (0ms)
			ExecutionOrderSort2 (0ms)
			AwakeInstancesAfterBackupRestoration (7ms)
Platform modules already initialized, skipping
Switching build target platform(2) subTarget(0) extendedPlatform(0) -> platform(13) subTarget(537395200) extendedPlatform(0)
Refreshing native plugins compatible for Editor in 0.58 ms, found 2 plugins.
Preloading 0 native plugins for Editor in 0.00 ms.
Unloading 1685 Unused Serialized files (Serialized files now loaded: 0)
System memory in use before: 189.0 MB.
System memory in use after: 189.1 MB.

Unloading 29 unused Assets to reduce memory usage. Loaded Objects now: 2196.
Total: 3.103369 ms (FindLiveObjects: 0.206946 ms CreateObjectMapping: 0.070823 ms MarkObjects: 2.810284 ms  DeleteObjects: 0.014442 ms)

AssetImportParameters requested are different than current active one (requested -> active):
  custom:video-decoder-ogg-theora: a1e56fd34408186e4bbccfd4996cb3dc -> 
  custom:container-muxer-webm: aa71ff27fc2769a1b78a27578f13a17b -> 
  custom:container-demuxer-webm: 4f35f7cbe854078d1ac9338744f61a02 -> 
  custom:container-demuxer-ogg: 62fdf1f143b41e24485cea50d1cbac27 -> 
  custom:video-encoder-webm-vp8: eb34c28f22e8b96e1ab97ce403110664 -> 
  custom:framework-osx-AVFoundation: e770b220cccbd017edd2c1fefb359320 -> 
  custom:video-decoder-webm-vp8: 9c59270c3fd7afecdb556c50c9e8de78 -> 
  custom:graphics/normal-map-encoding: 01000000000000000000000000000000 -> 02000000000000000000000000000000
  custom:audio-decoder-ogg-vorbis: bf7c407c2cedff20999df2af8eb42d56 -> 
  custom:audio-encoder-webm-vorbis: bf7c407c2cedff20999df2af8eb42d56 -> 
========================================================================
Received Import Request.
  Time since last request: 363.527405 seconds.
  path: Assets/Resources/Config
  artifactKey: Guid(cb34ca354895f49bca57ce23eaac528d) Importer(815301076,1909f56bfc062723c751e8b465ee728b)
Start importing Assets/Resources/Config using Guid(cb34ca354895f49bca57ce23eaac528d) Importer(815301076,1909f56bfc062723c751e8b465ee728b)  -> (artifact id: 'b2a58a5c8f94cc8e4a4bf92ce4a456fe') in 0.006725 seconds 
  Import took 0.009871 seconds .

========================================================================
Received Import Request.
  Time since last request: 0.000303 seconds.
  path: Assets/Resources/Config/shop_configuration.json
  artifactKey: Guid(16eb6a509a9804fe298a22ea733f5fea) Importer(815301076,1909f56bfc062723c751e8b465ee728b)
Start importing Assets/Resources/Config/shop_configuration.json using Guid(16eb6a509a9804fe298a22ea733f5fea) Importer(815301076,1909f56bfc062723c751e8b465ee728b)  -> (artifact id: '1f1e0e46f5cd343dd5ba10d8ff2ee73e') in 0.176698 seconds 
  Import took 0.182623 seconds .

========================================================================
Received Prepare
Registering precompiled user dll's ...
Registered in 0.002960 seconds.
Begin MonoManager ReloadAssembly
Native extension for OSXStandalone target not found
Refreshing native plugins compatible for Editor in 0.65 ms, found 2 plugins.
Preloading 0 native plugins for Editor in 0.00 ms.
2023-01-30 21:56:43.426 Unity[1290:19650] NSEventModifierFlagFunction specified to -setKeyEquivalentModifierMask: for item <NSMenuItem: 0x600000820a10 Font Asset, ke='Command-F12'>, but is only supported for system-provided menu items; will not be used
Mono: successfully reloaded assembly
- Completed reload, in  1.248 seconds
Domain Reload Profiling:
	ReloadAssembly (1249ms)
		BeginReloadAssembly (112ms)
			ExecutionOrderSort (0ms)
			DisableScriptedObjects (6ms)
			BackupInstance (0ms)
			ReleaseScriptingObjects (0ms)
			CreateAndSetChildDomain (50ms)
		EndReloadAssembly (1068ms)
			LoadAssemblies (75ms)
			RebuildTransferFunctionScriptingTraits (0ms)
			SetupTypeCache (393ms)
			ReleaseScriptCaches (1ms)
			RebuildScriptCaches (56ms)
			SetupLoadedEditorAssemblies (371ms)
				LogAssemblyErrors (0ms)
				InitializePlatformSupportModulesInManaged (4ms)
				SetLoadedEditorAssemblies (1ms)
				RefreshPlugins (1ms)
				BeforeProcessingInitializeOnLoad (111ms)
				ProcessInitializeOnLoadAttributes (241ms)
				ProcessInitializeOnLoadMethodAttributes (11ms)
				AfterProcessingInitializeOnLoad (1ms)
				EditorAssembliesLoaded (0ms)
			ExecutionOrderSort2 (0ms)
			AwakeInstancesAfterBackupRestoration (8ms)
Platform modules already initialized, skipping
Switching build target platform(2) subTarget(0) extendedPlatform(0) -> platform(13) subTarget(537395200) extendedPlatform(0)
Refreshing native plugins compatible for Editor in 0.51 ms, found 2 plugins.
Preloading 0 native plugins for Editor in 0.00 ms.
Unloading 1685 Unused Serialized files (Serialized files now loaded: 0)
System memory in use before: 193.3 MB.
System memory in use after: 193.4 MB.

Unloading 29 unused Assets to reduce memory usage. Loaded Objects now: 2198.
Total: 4.381512 ms (FindLiveObjects: 0.179897 ms CreateObjectMapping: 0.083752 ms MarkObjects: 4.096626 ms  DeleteObjects: 0.020093 ms)

AssetImportParameters requested are different than current active one (requested -> active):
  custom:video-decoder-ogg-theora: a1e56fd34408186e4bbccfd4996cb3dc -> 
  custom:container-muxer-webm: aa71ff27fc2769a1b78a27578f13a17b -> 
  custom:container-demuxer-webm: 4f35f7cbe854078d1ac9338744f61a02 -> 
  custom:container-demuxer-ogg: 62fdf1f143b41e24485cea50d1cbac27 -> 
  custom:video-encoder-webm-vp8: eb34c28f22e8b96e1ab97ce403110664 -> 
  custom:framework-osx-AVFoundation: e770b220cccbd017edd2c1fefb359320 -> 
  custom:video-decoder-webm-vp8: 9c59270c3fd7afecdb556c50c9e8de78 -> 
  custom:graphics/normal-map-encoding: 01000000000000000000000000000000 -> 02000000000000000000000000000000
  custom:audio-decoder-ogg-vorbis: bf7c407c2cedff20999df2af8eb42d56 -> 
  custom:audio-encoder-webm-vorbis: bf7c407c2cedff20999df2af8eb42d56 -> 
========================================================================
Received Import Request.
  Time since last request: 26.922334 seconds.
  path: Assets/Resources/Config/shop_configuration.json
  artifactKey: Guid(16eb6a509a9804fe298a22ea733f5fea) Importer(815301076,1909f56bfc062723c751e8b465ee728b)
Start importing Assets/Resources/Config/shop_configuration.json using Guid(16eb6a509a9804fe298a22ea733f5fea) Importer(815301076,1909f56bfc062723c751e8b465ee728b)  -> (artifact id: 'fb6857f03f01f98df00da6377ac15259') in 0.017990 seconds 
  Import took 0.021839 seconds .

========================================================================
Received Prepare
Registering precompiled user dll's ...
Registered in 0.001645 seconds.
Begin MonoManager ReloadAssembly
Native extension for OSXStandalone target not found
Refreshing native plugins compatible for Editor in 0.69 ms, found 2 plugins.
Preloading 0 native plugins for Editor in 0.00 ms.
2023-01-30 21:58:08.250 Unity[1290:19650] NSEventModifierFlagFunction specified to -setKeyEquivalentModifierMask: for item <NSMenuItem: 0x60000082f4f0 Font Asset, ke='Command-F12'>, but is only supported for system-provided menu items; will not be used
Mono: successfully reloaded assembly
- Completed reload, in  1.195 seconds
Domain Reload Profiling:
	ReloadAssembly (1195ms)
		BeginReloadAssembly (114ms)
			ExecutionOrderSort (0ms)
			DisableScriptedObjects (5ms)
			BackupInstance (0ms)
			ReleaseScriptingObjects (0ms)
			CreateAndSetChildDomain (51ms)
		EndReloadAssembly (1012ms)
			LoadAssemblies (77ms)
			RebuildTransferFunctionScriptingTraits (0ms)
			SetupTypeCache (368ms)
			ReleaseScriptCaches (1ms)
			RebuildScriptCaches (52ms)
			SetupLoadedEditorAssemblies (355ms)
				LogAssemblyErrors (0ms)
				InitializePlatformSupportModulesInManaged (5ms)
				SetLoadedEditorAssemblies (1ms)
				RefreshPlugins (1ms)
				BeforeProcessingInitializeOnLoad (109ms)
				ProcessInitializeOnLoadAttributes (227ms)
				ProcessInitializeOnLoadMethodAttributes (12ms)
				AfterProcessingInitializeOnLoad (1ms)
				EditorAssembliesLoaded (0ms)
			ExecutionOrderSort2 (0ms)
			AwakeInstancesAfterBackupRestoration (8ms)
Platform modules already initialized, skipping
Switching build target platform(2) subTarget(0) extendedPlatform(0) -> platform(13) subTarget(537395200) extendedPlatform(0)
Refreshing native plugins compatible for Editor in 0.54 ms, found 2 plugins.
Preloading 0 native plugins for Editor in 0.00 ms.
Unloading 1685 Unused Serialized files (Serialized files now loaded: 0)
System memory in use before: 193.5 MB.
System memory in use after: 193.6 MB.

Unloading 29 unused Assets to reduce memory usage. Loaded Objects now: 2200.
Total: 4.618216 ms (FindLiveObjects: 0.258870 ms CreateObjectMapping: 0.063732 ms MarkObjects: 4.258547 ms  DeleteObjects: 0.035765 ms)

AssetImportParameters requested are different than current active one (requested -> active):
  custom:video-decoder-ogg-theora: a1e56fd34408186e4bbccfd4996cb3dc -> 
  custom:container-muxer-webm: aa71ff27fc2769a1b78a27578f13a17b -> 
  custom:container-demuxer-webm: 4f35f7cbe854078d1ac9338744f61a02 -> 
  custom:container-demuxer-ogg: 62fdf1f143b41e24485cea50d1cbac27 -> 
  custom:video-encoder-webm-vp8: eb34c28f22e8b96e1ab97ce403110664 -> 
  custom:framework-osx-AVFoundation: e770b220cccbd017edd2c1fefb359320 -> 
  custom:video-decoder-webm-vp8: 9c59270c3fd7afecdb556c50c9e8de78 -> 
  custom:graphics/normal-map-encoding: 01000000000000000000000000000000 -> 02000000000000000000000000000000
  custom:audio-decoder-ogg-vorbis: bf7c407c2cedff20999df2af8eb42d56 -> 
  custom:audio-encoder-webm-vorbis: bf7c407c2cedff20999df2af8eb42d56 -> 
========================================================================
Received Prepare
Registering precompiled user dll's ...
Registered in 0.002066 seconds.
Begin MonoManager ReloadAssembly
Native extension for OSXStandalone target not found
Refreshing native plugins compatible for Editor in 0.65 ms, found 2 plugins.
Preloading 0 native plugins for Editor in 0.00 ms.
2023-01-30 21:58:38.187 Unity[1290:19650] NSEventModifierFlagFunction specified to -setKeyEquivalentModifierMask: for item <NSMenuItem: 0x600000835d50 Font Asset, ke='Command-F12'>, but is only supported for system-provided menu items; will not be used
Mono: successfully reloaded assembly
- Completed reload, in  1.173 seconds
Domain Reload Profiling:
	ReloadAssembly (1174ms)
		BeginReloadAssembly (109ms)
			ExecutionOrderSort (0ms)
			DisableScriptedObjects (5ms)
			BackupInstance (0ms)
			ReleaseScriptingObjects (0ms)
			CreateAndSetChildDomain (49ms)
		EndReloadAssembly (997ms)
			LoadAssemblies (75ms)
			RebuildTransferFunctionScriptingTraits (0ms)
			SetupTypeCache (371ms)
			ReleaseScriptCaches (1ms)
			RebuildScriptCaches (53ms)
			SetupLoadedEditorAssemblies (346ms)
				LogAssemblyErrors (0ms)
				InitializePlatformSupportModulesInManaged (4ms)
				SetLoadedEditorAssemblies (1ms)
				RefreshPlugins (1ms)
				BeforeProcessingInitializeOnLoad (99ms)
				ProcessInitializeOnLoadAttributes (228ms)
				ProcessInitializeOnLoadMethodAttributes (12ms)
				AfterProcessingInitializeOnLoad (1ms)
				EditorAssembliesLoaded (0ms)
			ExecutionOrderSort2 (0ms)
			AwakeInstancesAfterBackupRestoration (8ms)
Platform modules already initialized, skipping
Switching build target platform(2) subTarget(0) extendedPlatform(0) -> platform(13) subTarget(537395200) extendedPlatform(0)
Refreshing native plugins compatible for Editor in 0.52 ms, found 2 plugins.
Preloading 0 native plugins for Editor in 0.00 ms.
Unloading 1685 Unused Serialized files (Serialized files now loaded: 0)
System memory in use before: 193.6 MB.
System memory in use after: 193.7 MB.

Unloading 29 unused Assets to reduce memory usage. Loaded Objects now: 2202.
Total: 3.080469 ms (FindLiveObjects: 0.194973 ms CreateObjectMapping: 0.059494 ms MarkObjects: 2.808580 ms  DeleteObjects: 0.016685 ms)

AssetImportParameters requested are different than current active one (requested -> active):
  custom:video-decoder-ogg-theora: a1e56fd34408186e4bbccfd4996cb3dc -> 
  custom:container-muxer-webm: aa71ff27fc2769a1b78a27578f13a17b -> 
  custom:container-demuxer-webm: 4f35f7cbe854078d1ac9338744f61a02 -> 
  custom:container-demuxer-ogg: 62fdf1f143b41e24485cea50d1cbac27 -> 
  custom:video-encoder-webm-vp8: eb34c28f22e8b96e1ab97ce403110664 -> 
  custom:framework-osx-AVFoundation: e770b220cccbd017edd2c1fefb359320 -> 
  custom:video-decoder-webm-vp8: 9c59270c3fd7afecdb556c50c9e8de78 -> 
  custom:graphics/normal-map-encoding: 01000000000000000000000000000000 -> 02000000000000000000000000000000
  custom:audio-decoder-ogg-vorbis: bf7c407c2cedff20999df2af8eb42d56 -> 
  custom:audio-encoder-webm-vorbis: bf7c407c2cedff20999df2af8eb42d56 -> 
========================================================================
Received Prepare
Registering precompiled user dll's ...
Registered in 0.002193 seconds.
Begin MonoManager ReloadAssembly
Native extension for OSXStandalone target not found
Refreshing native plugins compatible for Editor in 0.69 ms, found 2 plugins.
Preloading 0 native plugins for Editor in 0.00 ms.
2023-01-30 22:00:26.694 Unity[1290:19650] NSEventModifierFlagFunction specified to -setKeyEquivalentModifierMask: for item <NSMenuItem: 0x6000008358f0 Font Asset, ke='Command-F12'>, but is only supported for system-provided menu items; will not be used
Mono: successfully reloaded assembly
- Completed reload, in  1.145 seconds
Domain Reload Profiling:
	ReloadAssembly (1145ms)
		BeginReloadAssembly (113ms)
			ExecutionOrderSort (0ms)
			DisableScriptedObjects (5ms)
			BackupInstance (0ms)
			ReleaseScriptingObjects (0ms)
			CreateAndSetChildDomain (48ms)
		EndReloadAssembly (963ms)
			LoadAssemblies (75ms)
			RebuildTransferFunctionScriptingTraits (0ms)
			SetupTypeCache (352ms)
			ReleaseScriptCaches (1ms)
			RebuildScriptCaches (48ms)
			SetupLoadedEditorAssemblies (340ms)
				LogAssemblyErrors (0ms)
				InitializePlatformSupportModulesInManaged (4ms)
				SetLoadedEditorAssemblies (1ms)
				RefreshPlugins (1ms)
				BeforeProcessingInitializeOnLoad (100ms)
				ProcessInitializeOnLoadAttributes (222ms)
				ProcessInitializeOnLoadMethodAttributes (11ms)
				AfterProcessingInitializeOnLoad (1ms)
				EditorAssembliesLoaded (0ms)
			ExecutionOrderSort2 (0ms)
			AwakeInstancesAfterBackupRestoration (8ms)
Platform modules already initialized, skipping
Switching build target platform(2) subTarget(0) extendedPlatform(0) -> platform(13) subTarget(537395200) extendedPlatform(0)
Refreshing native plugins compatible for Editor in 0.53 ms, found 2 plugins.
Preloading 0 native plugins for Editor in 0.00 ms.
Unloading 1685 Unused Serialized files (Serialized files now loaded: 0)
System memory in use before: 193.8 MB.
System memory in use after: 193.9 MB.

Unloading 29 unused Assets to reduce memory usage. Loaded Objects now: 2204.
Total: 2.827633 ms (FindLiveObjects: 0.143343 ms CreateObjectMapping: 0.066560 ms MarkObjects: 2.600732 ms  DeleteObjects: 0.015819 ms)

AssetImportParameters requested are different than current active one (requested -> active):
  custom:video-decoder-ogg-theora: a1e56fd34408186e4bbccfd4996cb3dc -> 
  custom:container-muxer-webm: aa71ff27fc2769a1b78a27578f13a17b -> 
  custom:container-demuxer-webm: 4f35f7cbe854078d1ac9338744f61a02 -> 
  custom:container-demuxer-ogg: 62fdf1f143b41e24485cea50d1cbac27 -> 
  custom:video-encoder-webm-vp8: eb34c28f22e8b96e1ab97ce403110664 -> 
  custom:framework-osx-AVFoundation: e770b220cccbd017edd2c1fefb359320 -> 
  custom:video-decoder-webm-vp8: 9c59270c3fd7afecdb556c50c9e8de78 -> 
  custom:graphics/normal-map-encoding: 01000000000000000000000000000000 -> 02000000000000000000000000000000
  custom:audio-decoder-ogg-vorbis: bf7c407c2cedff20999df2af8eb42d56 -> 
  custom:audio-encoder-webm-vorbis: bf7c407c2cedff20999df2af8eb42d56 -> 
========================================================================
Received Prepare
Registering precompiled user dll's ...
Registered in 0.001662 seconds.
Begin MonoManager ReloadAssembly
Symbol file data-0x7ff29456a000 doesn't match image /Users/haixiangchen/Desktop/UnityProjects/2048/2048/Library/ScriptAssemblies/Assembly-CSharp.dll
Symbol file LoadedFromMemory is not a mono symbol file
Error: Could not load signature of FullSerializer.fsAotConfigurationEditor:GetIndexForState due to: Could not resolve type with token 01000008 (from typeref, class/assembly FullSerializer.fsAotConfiguration, Assembly-CSharp, Version=0.0.0.0, Culture=neutral, PublicKeyToken=null) assembly:Assembly-CSharp, Version=0.0.0.0, Culture=neutral, PublicKeyToken=null type:FullSerializer.fsAotConfiguration member:(null) signature:<none>
Could not load signature of FullSerializer.fsAotConfigurationEditor:GetIndexForState due to: Could not resolve type with token 01000008 (from typeref, class/assembly FullSerializer.fsAotConfiguration, Assembly-CSharp, Version=0.0.0.0, Culture=neutral, PublicKeyToken=null) assembly:Assembly-CSharp, Version=0.0.0.0, Culture=neutral, PublicKeyToken=null type:FullSerializer.fsAotConfiguration member:(null) signature:<none>
Could not load signature of FullSerializer.fsAotConfigurationEditor:GetStateForIndex due to: Could not resolve type with token 01000008 (from typeref, class/assembly FullSerializer.fsAotConfiguration, Assembly-CSharp, Version=0.0.0.0, Culture=neutral, PublicKeyToken=null) assembly:Assembly-CSharp, Version=0.0.0.0, Culture=neutral, PublicKeyToken=null type:FullSerializer.fsAotConfiguration member:(null) signature:<none>
Could not load signature of FullSerializer.fsAotConfigurationEditor:DrawType due to: Could not resolve type with token 01000008 (from typeref, class/assembly FullSerializer.fsAotConfiguration, Assembly-CSharp, Version=0.0.0.0, Culture=neutral, PublicKeyToken=null) assembly:Assembly-CSharp, Version=0.0.0.0, Culture=neutral, PublicKeyToken=null type:FullSerializer.fsAotConfiguration member:(null) signature:<none>
Unloading broken assembly Library/ScriptAssemblies/Assembly-CSharp-Editor.dll, this assembly can cause crashes in the runtime
Native extension for OSXStandalone target not found
Refreshing native plugins compatible for Editor in 0.65 ms, found 2 plugins.
Preloading 0 native plugins for Editor in 0.00 ms.
2023-01-30 22:17:33.704 Unity[1290:19650] NSEventModifierFlagFunction specified to -setKeyEquivalentModifierMask: for item <NSMenuItem: 0x600000802300 Font Asset, ke='Command-F12'>, but is only supported for system-provided menu items; will not be used
Mono: successfully reloaded assembly
- Completed reload, in  1.156 seconds
Domain Reload Profiling:
	ReloadAssembly (1157ms)
		BeginReloadAssembly (112ms)
			ExecutionOrderSort (0ms)
			DisableScriptedObjects (5ms)
			BackupInstance (0ms)
			ReleaseScriptingObjects (0ms)
			CreateAndSetChildDomain (50ms)
		EndReloadAssembly (977ms)
			LoadAssemblies (77ms)
			RebuildTransferFunctionScriptingTraits (0ms)
			SetupTypeCache (364ms)
			ReleaseScriptCaches (1ms)
			RebuildScriptCaches (54ms)
			SetupLoadedEditorAssemblies (338ms)
				LogAssemblyErrors (0ms)
				InitializePlatformSupportModulesInManaged (4ms)
				SetLoadedEditorAssemblies (1ms)
				RefreshPlugins (1ms)
				BeforeProcessingInitializeOnLoad (99ms)
				ProcessInitializeOnLoadAttributes (222ms)
				ProcessInitializeOnLoadMethodAttributes (11ms)
				AfterProcessingInitializeOnLoad (1ms)
				EditorAssembliesLoaded (0ms)
			ExecutionOrderSort2 (0ms)
			AwakeInstancesAfterBackupRestoration (9ms)
Platform modules already initialized, skipping
Switching build target platform(2) subTarget(0) extendedPlatform(0) -> platform(13) subTarget(537395200) extendedPlatform(0)
Refreshing native plugins compatible for Editor in 0.51 ms, found 2 plugins.
Preloading 0 native plugins for Editor in 0.00 ms.
Unloading 1685 Unused Serialized files (Serialized files now loaded: 0)
System memory in use before: 193.8 MB.
System memory in use after: 193.9 MB.

Unloading 29 unused Assets to reduce memory usage. Loaded Objects now: 2206.
Total: 3.032053 ms (FindLiveObjects: 0.215557 ms CreateObjectMapping: 0.059343 ms MarkObjects: 2.741290 ms  DeleteObjects: 0.014925 ms)

AssetImportParameters requested are different than current active one (requested -> active):
  custom:video-decoder-ogg-theora: a1e56fd34408186e4bbccfd4996cb3dc -> 
  custom:container-muxer-webm: aa71ff27fc2769a1b78a27578f13a17b -> 
  custom:container-demuxer-webm: 4f35f7cbe854078d1ac9338744f61a02 -> 
  custom:container-demuxer-ogg: 62fdf1f143b41e24485cea50d1cbac27 -> 
  custom:video-encoder-webm-vp8: eb34c28f22e8b96e1ab97ce403110664 -> 
  custom:framework-osx-AVFoundation: e770b220cccbd017edd2c1fefb359320 -> 
  custom:video-decoder-webm-vp8: 9c59270c3fd7afecdb556c50c9e8de78 -> 
  custom:graphics/normal-map-encoding: 01000000000000000000000000000000 -> 02000000000000000000000000000000
  custom:audio-decoder-ogg-vorbis: bf7c407c2cedff20999df2af8eb42d56 -> 
  custom:audio-encoder-webm-vorbis: bf7c407c2cedff20999df2af8eb42d56 -> 
========================================================================
Received Import Request.
  Time since last request: 1274.046780 seconds.
  path: Assets/Scripts/Common/IapItem.cs
  artifactKey: Guid(5f848ec10f26c42c2aa5dc1b079b914e) Importer(815301076,1909f56bfc062723c751e8b465ee728b)
Start importing Assets/Scripts/Common/IapItem.cs using Guid(5f848ec10f26c42c2aa5dc1b079b914e) Importer(815301076,1909f56bfc062723c751e8b465ee728b)  -> (artifact id: '03176de4e62a491711e2834c9831427e') in 0.098460 seconds 
  Import took 0.105460 seconds .

========================================================================
Received Import Request.
  Time since last request: 0.996447 seconds.
  path: Assets/Scripts/Common/ShopConfiguration.cs
  artifactKey: Guid(927c8f451cb294ca9bf698b2338b4212) Importer(815301076,1909f56bfc062723c751e8b465ee728b)
Start importing Assets/Scripts/Common/ShopConfiguration.cs using Guid(927c8f451cb294ca9bf698b2338b4212) Importer(815301076,1909f56bfc062723c751e8b465ee728b)  -> (artifact id: '09e2212cfc7c578eb7f6c3adb0aac1ba') in 0.002078 seconds 
  Import took 0.005218 seconds .

========================================================================
Received Prepare
Registering precompiled user dll's ...
Registered in 0.001644 seconds.
Could not load signature of FullSerializer.fsAotConfigurationEditor:GetIndexForState due to: Could not resolve type with token 01000008 (from typeref, class/assembly FullSerializer.fsAotConfiguration, Assembly-CSharp, Version=0.0.0.0, Culture=neutral, PublicKeyToken=null) assembly:Assembly-CSharp, Version=0.0.0.0, Culture=neutral, PublicKeyToken=null type:FullSerializer.fsAotConfiguration member:(null) signature:<none>
Could not load signature of FullSerializer.fsAotConfigurationEditor:GetStateForIndex due to: Could not resolve type with token 01000008 (from typeref, class/assembly FullSerializer.fsAotConfiguration, Assembly-CSharp, Version=0.0.0.0, Culture=neutral, PublicKeyToken=null) assembly:Assembly-CSharp, Version=0.0.0.0, Culture=neutral, PublicKeyToken=null type:FullSerializer.fsAotConfiguration member:(null) signature:<none>
Could not load signature of FullSerializer.fsAotConfigurationEditor:DrawType due to: Could not resolve type with token 01000008 (from typeref, class/assembly FullSerializer.fsAotConfiguration, Assembly-CSharp, Version=0.0.0.0, Culture=neutral, PublicKeyToken=null) assembly:Assembly-CSharp, Version=0.0.0.0, Culture=neutral, PublicKeyToken=null type:FullSerializer.fsAotConfiguration member:(null) signature:<none>
Begin MonoManager ReloadAssembly
Symbol file data-0x7ff29456a000 doesn't match image /Users/haixiangchen/Desktop/UnityProjects/2048/2048/Library/ScriptAssemblies/Assembly-CSharp.dll
Symbol file LoadedFromMemory is not a mono symbol file
Error: Could not load signature of FullSerializer.fsAotConfigurationEditor:GetIndexForState due to: Could not resolve type with token 01000008 (from typeref, class/assembly FullSerializer.fsAotConfiguration, Assembly-CSharp, Version=0.0.0.0, Culture=neutral, PublicKeyToken=null) assembly:Assembly-CSharp, Version=0.0.0.0, Culture=neutral, PublicKeyToken=null type:FullSerializer.fsAotConfiguration member:(null) signature:<none>
Could not load signature of FullSerializer.fsAotConfigurationEditor:GetIndexForState due to: Could not resolve type with token 01000008 (from typeref, class/assembly FullSerializer.fsAotConfiguration, Assembly-CSharp, Version=0.0.0.0, Culture=neutral, PublicKeyToken=null) assembly:Assembly-CSharp, Version=0.0.0.0, Culture=neutral, PublicKeyToken=null type:FullSerializer.fsAotConfiguration member:(null) signature:<none>
Could not load signature of FullSerializer.fsAotConfigurationEditor:GetStateForIndex due to: Could not resolve type with token 01000008 (from typeref, class/assembly FullSerializer.fsAotConfiguration, Assembly-CSharp, Version=0.0.0.0, Culture=neutral, PublicKeyToken=null) assembly:Assembly-CSharp, Version=0.0.0.0, Culture=neutral, PublicKeyToken=null type:FullSerializer.fsAotConfiguration member:(null) signature:<none>
Could not load signature of FullSerializer.fsAotConfigurationEditor:DrawType due to: Could not resolve type with token 01000008 (from typeref, class/assembly FullSerializer.fsAotConfiguration, Assembly-CSharp, Version=0.0.0.0, Culture=neutral, PublicKeyToken=null) assembly:Assembly-CSharp, Version=0.0.0.0, Culture=neutral, PublicKeyToken=null type:FullSerializer.fsAotConfiguration member:(null) signature:<none>
Unloading broken assembly Library/ScriptAssemblies/Assembly-CSharp-Editor.dll, this assembly can cause crashes in the runtime
Native extension for OSXStandalone target not found
Refreshing native plugins compatible for Editor in 0.68 ms, found 2 plugins.
Preloading 0 native plugins for Editor in 0.00 ms.
2023-01-30 22:18:42.484 Unity[1290:19650] NSEventModifierFlagFunction specified to -setKeyEquivalentModifierMask: for item <NSMenuItem: 0x600000803090 Font Asset, ke='Command-F12'>, but is only supported for system-provided menu items; will not be used
Mono: successfully reloaded assembly
- Completed reload, in  1.158 seconds
Domain Reload Profiling:
	ReloadAssembly (1159ms)
		BeginReloadAssembly (114ms)
			ExecutionOrderSort (0ms)
			DisableScriptedObjects (5ms)
			BackupInstance (0ms)
			ReleaseScriptingObjects (0ms)
			CreateAndSetChildDomain (53ms)
		EndReloadAssembly (975ms)
			LoadAssemblies (76ms)
			RebuildTransferFunctionScriptingTraits (0ms)
			SetupTypeCache (373ms)
			ReleaseScriptCaches (1ms)
			RebuildScriptCaches (50ms)
			SetupLoadedEditorAssemblies (336ms)
				LogAssemblyErrors (0ms)
				InitializePlatformSupportModulesInManaged (4ms)
				SetLoadedEditorAssemblies (1ms)
				RefreshPlugins (1ms)
				BeforeProcessingInitializeOnLoad (100ms)
				ProcessInitializeOnLoadAttributes (218ms)
				ProcessInitializeOnLoadMethodAttributes (11ms)
				AfterProcessingInitializeOnLoad (1ms)
				EditorAssembliesLoaded (0ms)
			ExecutionOrderSort2 (0ms)
			AwakeInstancesAfterBackupRestoration (8ms)
Platform modules already initialized, skipping
Switching build target platform(2) subTarget(0) extendedPlatform(0) -> platform(13) subTarget(537395200) extendedPlatform(0)
Refreshing native plugins compatible for Editor in 0.52 ms, found 2 plugins.
Preloading 0 native plugins for Editor in 0.00 ms.
Unloading 1685 Unused Serialized files (Serialized files now loaded: 0)
System memory in use before: 198.1 MB.
System memory in use after: 198.2 MB.

Unloading 29 unused Assets to reduce memory usage. Loaded Objects now: 2208.
Total: 3.090175 ms (FindLiveObjects: 0.199583 ms CreateObjectMapping: 0.060095 ms MarkObjects: 2.814582 ms  DeleteObjects: 0.014989 ms)

AssetImportParameters requested are different than current active one (requested -> active):
  custom:video-decoder-ogg-theora: a1e56fd34408186e4bbccfd4996cb3dc -> 
  custom:container-muxer-webm: aa71ff27fc2769a1b78a27578f13a17b -> 
  custom:container-demuxer-webm: 4f35f7cbe854078d1ac9338744f61a02 -> 
  custom:container-demuxer-ogg: 62fdf1f143b41e24485cea50d1cbac27 -> 
  custom:video-encoder-webm-vp8: eb34c28f22e8b96e1ab97ce403110664 -> 
  custom:framework-osx-AVFoundation: e770b220cccbd017edd2c1fefb359320 -> 
  custom:video-decoder-webm-vp8: 9c59270c3fd7afecdb556c50c9e8de78 -> 
  custom:graphics/normal-map-encoding: 01000000000000000000000000000000 -> 02000000000000000000000000000000
  custom:audio-decoder-ogg-vorbis: bf7c407c2cedff20999df2af8eb42d56 -> 
  custom:audio-encoder-webm-vorbis: bf7c407c2cedff20999df2af8eb42d56 -> 
AssetImportWorkerClient::OnTransportError - code=2 error=End of file
